1:0:                                          | ASAMBLEA LEGISLATIVA DE LA REPÚBLICA DE COSTA RICA
1:1:                                          |         ACTA DE LA SESIÓN ORDINARIA N.º 5
1:2:                                          |                Martes 8 de mayo de 2018
1:3:                                          |                 PRIMERA LEGISLATURA
1:4:                                          |           Del 1º de mayo al 30 de abril de 2018
1:5:                                          |      PRIMER PERÍODO DE SESIONES ORDINARIAS
1:6:                                          |           Del 1º de mayo al 31 de julio de 2018
1:7:                                          |    DEPARTAMENTO DE SERVICIOS PARLAMENTARIOS
1:8:                                          |        ÁREA DE ACTAS, SONIDO Y GRABACIÓN
                                              |             ACTA ORDINARIA N.º 5 DE 8-5-2018                                             2
                                              |                                   Acta de la sesión plenaria ordinaria N.º 5
                                              |                                          Martes 8 de mayo de 2018
                                              |                                     Primer período de sesiones ordinarias
                                              |                                               Primera legislatura
                                              |                                                   Directorio
                                              |                                           Carolina Hidalgo Herrera
                                              |                                                   Presidenta
                                              |             Luis Fernando Chacón Monge                       Ivonne Acuña Cabrera
                                              |             Primer secretario                                Segunda secretaria
                                              |                                              Diputados presentes
nombres=2                                     | Morales Mora, Víctor Manuel                           Benavides Jiménez, Carlos Ricardo
nombres=2                                     | Castillo Méndez, Mario                                Hernández Sánchez, Silvia Vanessa
nombres=2                                     | Pérez Pérez, Nielsen                                  Jiménez Zúñiga, Wagner Alberto
nombres=2                                     | Vega Rodríguez, Paola Viviana                         Niño Gutiérrez, Ana Karine
nombres=2                                     | Sánchez Carballo, Enrique                             Thompson Chacon, Roberto Hernán
nombres=2                                     | Carranza Cascante, Luis Ramón                         Corrales Chacon, María José
nombres=2                                     | Guido Pérez, Laura                                    Ulate Valenciano, Daniel Isaac
nombres=2                                     | Ramos González, Welmer                                Valladares Rosado, Paola Alexandra
nombres=2                                     | Montero Gómez, Catalina                               Aiza Campos, Luis Antonio
nombres=2                                     | Avendaño Calvo, Carlos Luis                           Delgado Orozco, Ana Lucia
nombres=2                                     | Hoepelman Páez, Harllan                               Fonseca Fonseca, Jorge Luis
nombres=2                                     | Azofeifa Trejos, Marulin                              Viales Villegas, Gustavo Alonso
nombres=2                                     | Cruickshank Smith, Eduardo Newton                     Nicolás Solano, Franggi
nombres=2                                     | Chan Mora, Carmen Irene                               León Marchena, Yorleni
nombres=2                                     | Gómez Obando, Giovanni                                Gourzong Cerdas, David Hubert
nombres=2                                     | Rodríguez Hernández, Xiomara Priscilla                Montiel Hector, Aida María
nombres=2                                     | Prendas Rodríguez, Jonathan                           Dolanescu Valenciano, Dragos
nombres=2                                     | Núñez Piña, Melvin Ángel                              Vargas Víquez, Otto Roberto
nombres=2                                     | Céspedes Cisneros, Nidia Lorena                       Rodríguez Steller, Erick
nombres=2                                     | Alpizar Castro, Ignacio Alberto                       Díaz Mejía, Shirley
nombres=2                                     | Segreda Sagot, Floria María                           Monge Granados, María Vita
nombres=2                                     | Alvarado Arias, Mileidy                               Muñoz Fonseca, Pedro Miguel
nombres=2                                     | Villalta Flórez Estrada, José María                   Solís Quirós, María Inés
nombres=2                                     | Volio Pacheco, Zoila Rosa                             Masis Castro, Erwen Yanan
nombres=2                                     | Muñoz Céspedes, Walter                                Peña Flores, Rodolfo Rodrigo
nombres=2                                     | Villegas Álvarez, Sylvia Patricia                     Cascante, Oscar Mauricio
nombres=1                                     |                                                       Abarca Mora, Pablo Heriberto
nombres=1                                     |                                                       Salas Eduarte, Aracelly
nombres=1                                     |                                                       Hidalgo Herrera, Carolina
nombres=1                                     |                                                       Chacón Monge, Luis Fernando
nombres=1                                     |                                                       Acuña Cabrera, Ivonne
3:0:                                          | ACTA ORDINARIA N.º 5 DE 8-5-2018                                                                                    3
3:1:                                          |                                                ÍNDICE
3:2:                                          | PARTE ÚNICA..........................................................................................................4
3:3:                                          | Traspaso de poderes (juramento constitucional al señor presidente electo señor
3:4:                                          | Carlos Andrés Alvarado Quesada y a los señores vicepresidentes de la República
3:5:                                          | de Costa Rica, señora Epsy Alejandra Campbell Barr y señor Marvin Rodríguez
3:6:                                          | Cordero)…………………………………………………………………………………. 4
4:0:ignorar línea                             | ACTA ORDINARIA N.º 5 DE 8-5-2018                                                 4
4:1:habla presidenta/e                        | Presidenta Carolina Hidalgo Herrera:
4:2:ignorar línea                             |                                    PARTE ÚNICA
4:3:habla presidenta/e                        |   Traspaso de poderes (juramento constitucional al señor presidente electo señor
4:4:habla presidenta/e                        |  Carlos Andrés Alvarado Quesada y a los señores vicepresidentes de la República
4:5:habla presidenta/e                        |   de Costa Rica, señora Epsy Alejandra Campbell Barr y señor Marvin Rodríguez
4:6:habla presidenta/e                        |                                       Cordero)
4:7:habla presidenta/e                        | Les solicito a los señores presidentes, por favor, tomar asiento.
4:8:habla presidenta/e                        | Sesión solemne del 8 de mayo del 2018.
4:9:habla presidenta/e                        | Al ser las nueve con quince minutos y con el cuórum de ley, la asistencia de
4:10:habla presidenta/e                       | cincuenta y siete señoras diputadas y señores diputados, se abre la sesión
4:11:habla presidenta/e                       | solemne en la que, de acuerdo con el uso de las facultades que le confiere en los
4:12:habla presidenta/e                       | artículos 136 y 137 de la Constitución Política de la República de Costa Rica, la
4:13:habla presidenta/e                       | Asamblea Legislativa tomará el juramento al señor presidente Carlos Andrés
4:14:habla presidenta/e                       | Alvarado Quesada; a la señora primera vicepresidenta, doña Epsy Alejandra
4:15:habla presidenta/e                       | Campbell Barr; y al señor segundo vicepresidente de la República, don Marvin
4:16:habla presidenta/e                       | Rodríguez Cordero.
4:17:habla presidenta/e                       | Nos acompañarán en el recinto parlamentario las delegaciones oficiales de los
4:18:habla presidenta/e                       | Estados de gobiernos y autoridades costarricenses de alto clero.
4:19:habla presidenta/e                       | Ruego a los señores jefes de fracción de las fracciones parlamentarias Carlos
4:20:habla presidenta/e                       | Ricardo Benavides Jiménez, Carlos Luis Avendaño Calvo, Víctor Manuel Morales
4:21:habla presidenta/e                       | Mora, Erwen Masís Castro, Wálter Muñoz Céspedes, Otto Roberto Vargas Víquez,
4:22:habla presidenta/e                       | José María Villalta Flórez-Estrada se sirvan recibir a los invitados especiales.
4:23:habla presidenta/e                       | Ruego a las señoras y señores presidentes ponerse…, diputados y diputadas,
4:24:habla presidenta/e                       | ponerse de pie para recibir al señor presidente de la Corte Suprema de Justicia,
4:25:habla presidenta/e                       | magistrado Carlos Chinchilla Sandí, y señor presidente del Tribunal Supremo de
4:26:habla presidenta/e                       | Elecciones, magistrado Luis Antonio Sobrado González.
4:27:habla presidenta/e                       | Señoras diputadas, señores diputados, recibimos las delegaciones oficiales
4:28:habla presidenta/e                       | presididas por los jefes de Estado y de Gobierno al recinto parlamentario.
4:29:ignorar línea                            |         INGRESO DE LOS INVITADOS ESPECIALES Y DE LAS MISIONES
4:30:ignorar línea                            |                                   DIPLOMÁTICAS
4:31:habla presidenta/e                       | Recibimos al excelentísimo presidente de la República de Panamá, el señor Juan
4:32:habla presidenta/e                       | Carlos Varela Rodríguez.
5:0:ignorar línea                             | ACTA ORDINARIA N.º 5 DE 8-5-2018                                                 5
5:1:habla presidenta/e                        | Recibimos al excelentísimo presidente de la República de Guatemala, el señor
5:2:habla presidenta/e                        | Jimmy Morales Cabrera.
5:3:habla presidenta/e                        | Recibimos al excelentísimo presidente de la República de El Salvador, el señor
5:4:habla presidenta/e                        | Salvador Sánchez Cerén.
5:5:habla presidenta/e                        | Recibimos al excelentísimo presidente de la República Dominicana, el señor
5:6:habla presidenta/e                        | Danilo Medina Sánchez.
5:7:habla presidenta/e                        | Recibimos al excelentísimo presidente del Estado Plurinacional de Bolivia, el señor
5:8:habla presidenta/e                        | Juan Evo Morales Ayma.
5:9:habla presidenta/e                        | Recibimos a la excelentísima primera ministra de Aruba, en representación del
5:10:habla presidenta/e                       | Reino de los Países Bajos, la señora Evelyn Wever-Croes, y excelentísimo señor
5:11:habla presidenta/e                       | Kenneth Wever.
5:12:habla presidenta/e                       | Recibimos al excelentísimo presidente de la República de Ecuador, el señor Lenín
5:13:habla presidenta/e                       | Boltaire Moreno Garcés y la primera dama, excelentísima señora Rocío González.
5:14:habla presidenta/e                       | Recibimos a la excelentísima presidenta del Congreso de los diputados de
5:15:habla presidenta/e                       | España, la señora Ana María Pastor Julián.
5:16:habla presidenta/e                       | Recibimos al excelentísimo presidente del senado de Jamaica, el señor Tomás
5:17:habla presidenta/e                       | Tavares Finson.
5:18:habla presidenta/e                       | Recibimos al excelentísimo presidente de la Cámara de Representantes del Reino
5:19:habla presidenta/e                       | de Marruecos, el señor Habib El Malki.
5:20:habla presidenta/e                       | Recibimos al excelentísimo presidente provisional del senado de la nación de
5:21:habla presidenta/e                       | Argentina, señor Federico Pinedo.
5:22:habla presidenta/e                       | Recibimos a la excelentísima presidenta del Consejo de Estado de la República de
5:23:habla presidenta/e                       | Cuba, señora Inés María Chapman.
5:24:habla presidenta/e                       | Recibimos al excelentísimo vicepresidente de la República de Colombia, señor
5:25:habla presidenta/e                       | Óscar Adolfo Naranjo Trujillo.
5:26:habla presidenta/e                       | Recibimos a la designada presidencial de la República de Honduras,
5:27:habla presidenta/e                       | excelentísima señora María Antonia Rivera.
5:28:habla presidenta/e                       | Ruego a las señoras diputadas y señores diputados mantenerse de pie para
5:29:habla presidenta/e                       | recibir a las señoras ministras y a los señores ministros de Gobierno.
5:30:habla presidenta/e                       | Recibimos a los señores vicepresidentes de la República, Helio Fallas Venegas y
5:31:habla presidenta/e                       | señora..., y Ana Helena Chacón Echeverría y sus hijas.
6:0:ignorar línea                             | ACTA ORDINARIA N.º 5 DE 8-5-2018                                                  6
6:1:habla presidenta/e                        | Recibimos al señor presidente de la República de Costa Rica, Luis Guillermo Solís
6:2:habla presidenta/e                        | Rivera, señora Mercedes Peña Domínguez, sus hijas, hijos, Mónica, Cristina
6:3:habla presidenta/e                        | Marín, Beatriz, Inés, Diego e Ignacio.
6:4:habla presidenta/e                        | Recibimos ahora a las señoras ministras y a los señores ministros de Gobierno
6:5:habla presidenta/e                        | designados para integrar el nuevo gabinete, para el período constitucional 2018-
6:6:ignorar línea                             | 2022.
6:7:habla presidenta/e                        | Recibimos a la primera vicepresidenta de la República electa, señora Epsy
6:8:habla presidenta/e                        | Campbell Barr, y su cónyuge; el segundo vicepresidente de la República electo,
6:9:habla presidenta/e                        | Marvin Rodríguez Cordero y su esposa.
6:10:habla presidenta/e                       | Señoras y señores, recibimos al presidente electo, el señor Carlos Andrés
6:11:habla presidenta/e                       | Alvarado Quesada, en compañía de su esposa Claudia Dobles Camargo.
6:12:habla presidenta/e                       | Ruego a los señores diputados jefes de las fracciones parlamentarias, Carlos
6:13:habla presidenta/e                       | Ricardo Benavides Jiménez, Carlos Luis Avendaño Calvo, Víctor Manuel Morales
6:14:habla presidenta/e                       | Mora, Erwen Masís Castro, Wálter Muñoz Céspedes, Otto Roberto Vargas Víquez,
6:15:habla presidenta/e                       | José María Villalta, ocupar sus curules.
6:16:habla presidenta/e                       | Ruego a las señoras diputadas y a los señores diputados ponerse de pie para
6:17:habla presidenta/e                       | recibir el Pabellón Nacional.
6:18:habla presidenta/e                       | Les ruego a las señoras diputadas y señores diputados mantenerse de pie para
6:19:habla presidenta/e                       | cantar el himno nacional de la República de Costa Rica.
6:20:habla presidenta/e                       | Pueden tomar asiento y procederemos a la juramentación constitucional.
6:21:habla presidenta/e                       | En el uso de las facultades que le confieren..., que me confieren en los artículos
6:22:habla presidenta/e                       | 136 y 137 de la Constitución Política de la República de Costa Rica, la Asamblea
6:23:habla presidenta/e                       | Legislativa tomará el juramento al señor presidente, don Carlos Andrés Alvarado
6:24:habla presidenta/e                       | Quesada, a la señora primera vicepresidenta, doña Epsy Alejandra Campbell Barr
6:25:habla presidenta/e                       | y al señor segundo vicepresidente de la República, don Marvin Rodríguez
6:26:habla presidenta/e                       | Cordero.
6:27:habla presidenta/e                       | Ruego a los señores y a las señoras diputadas ponerse de pie para recibir la
6:28:habla presidenta/e                       | juramentación constitucional al señor presidente de la República, Carlos Andrés
6:29:habla presidenta/e                       | Alvarado Quesada, para el período constitucional 2018-2022.
6:30:habla presidenta/e                       | Señor presidente, le ruego levantar su mano derecha, poner su mano sobre la
6:31:habla presidenta/e                       | Constitución.
6:32:habla presidenta/e                       | ¿Juráis a Dios y prometéis a la patria observar y defender a la Constitución y a las
6:33:habla presidenta/e                       | leyes de la República, y cumplir fielmente los deberes de vuestro destino?
7:0:ignorar línea                             | ACTA ORDINARIA N.º 5 DE 8-5-2018                                                7
7:1:habla presidenta/e                        | Presidente de la República Carlos Andrés Alvarado Quesada:
7:2:habla presidenta/e                        | Sí, lo juro.
7:3:habla presidenta/e                        | Presidenta Carolina Hidalgo Herrera:
7:4:habla presidenta/e                        | Si así lo hiciereis, Dios os ayude, y si no, Él y la patria os lo demanden.
7:5:habla presidenta/e                        | Le ruego al señor presidente, don Luis Guillermo Solís Rivera, por favor, hacerse
7:6:habla presidenta/e                        | presente.
7:7:habla presidenta/e                        | Le ruego a la señora Epsy Campbell Barr, primera vicepresidenta de la República
7:8:habla presidenta/e                        | y al señor Marvin Rodríguez Cordero, segundo vicepresidente de la República,
7:9:habla presidenta/e                        | colocarse al frente de la mesa del Directorio, para recibir su juramento
7:10:habla presidenta/e                       | constitucional.
7:11:ignorar línea                            |                    JURAMENTACIÓN DE LOS VICEPRESIDENTES
7:12:habla presidenta/e                       | Señora vicepresidenta, señor vicepresidente de la República, les ruego levantar su
7:13:habla presidenta/e                       | mano derecha.
7:14:habla presidenta/e                       | ¿Juráis a Dios y prometéis a la patria observar y defender la Constitución y las
7:15:habla presidenta/e                       | leyes de la República, para cumplir fielmente los deberes de vuestro destino?
7:16:habla presidenta/e                       | Primera vicepresidenta y segundo vicepresidente:
7:17:habla presidenta/e                       | Sí, juro.
7:18:habla presidenta/e                       | Presidenta Carolina Hidalgo Herrera:
7:19:habla presidenta/e                       | Si así lo hiciereis, Dios os ayude, y si no Él y la patria os lo demandan.
7:20:habla presidenta/e                       | Pueden sentarse y ocupar sus curules.
7:21:habla presidenta/e                       | Seguidamente, el señor presidente de la República, el señor Carlos Andrés
7:22:habla presidenta/e                       | Alvarado Quesada, nos ofrece su mensaje inaugural del período constitucional
7:23:ignorar línea                            | 2018-2022.
7:24:habla presidenta/e                       | Presidente de la República Carlos Andrés Alvarado Quesada:
7:25:habla presidenta/e                       | Excelentísimos señoras y señores, jefes de Estado y de Gobierno y jefes de
7:26:habla presidenta/e                       | delegación internacional que nos honran con su presencia este día.
7:27:habla presidenta/e                       | Señora presidenta de la Asamblea Legislativa, señoras y señores diputados, señor
7:28:habla presidenta/e                       | presidente de la Corte Suprema de Justicia, señoras y señores magistrados, señor
7:29:habla presidenta/e                       | presidente del Tribunal Supremo de Elecciones, señoras y señores magistrados,
7:30:habla presidenta/e                       | señora vicepresidenta, señor vicepresidente de la República, señores
8:0:ignorar línea                             | ACTA ORDINARIA N.º 5 DE 8-5-2018                                                 8
8:1:habla presidenta/e                        | expresidentes de la República, señoras exprimeras damas, reverendísimo
8:2:habla presidenta/e                        | arzobispo de San José y señores obispos, señoras y señores ministros de
8:3:habla presidenta/e                        | Gobierno designados.
8:4:habla presidenta/e                        | Excelentísimos señoras y señores miembros de misiones diplomáticas, honorables
8:5:habla presidenta/e                        | representantes de organismos Internacionales y cónsules honorarios.
8:6:habla presidenta/e                        | Señoras contralora y subcontralora general de la República, señoras y señores
8:7:habla presidenta/e                        | viceministros de Gobierno designados, señor procurador general de la República y
8:8:habla presidenta/e                        | señora procuradora general adjunta de la República, señor defensor de los
8:9:habla presidenta/e                        | Habitantes en funciones, altas autoridades de Gobierno, autoridades de gobiernos
8:10:habla presidenta/e                       | municipales, representantes de los pueblos indígenas costarricenses,
8:11:habla presidenta/e                       | organizaciones afrodescendientes, personas con discapacidad y personas adultos
8:12:habla presidenta/e                       | mayores.
8:13:habla presidenta/e                       | Costarricenses, hoy, recibo esta banda con plena conciencia de que es el mayor
8:14:habla presidenta/e                       | honor que se puede recibir y de la enorme responsabilidad que tengo con todos
8:15:habla presidenta/e                       | ustedes y para con nuestra patria. Juro respetar y defender la Constitución de
8:16:habla presidenta/e                       | nuestra República y sus leyes, así como ser la mejor versión de mí mismo para
8:17:habla presidenta/e                       | llevar adelante los asuntos más importantes del país.
8:18:habla presidenta/e                       | Lo haré procurando el bienestar de todas las personas, y las más humildes
8:19:habla presidenta/e                       | tendrán un eco especial en mi conciencia. Lo haré teniendo claro de dónde
8:20:habla presidenta/e                       | venimos y de cómo hemos construido este país excepcional, para que trabajemos
8:21:habla presidenta/e                       | juntos en retomar el camino y lograr que la celebración del bicentenario de vida
8:22:habla presidenta/e                       | independiente que festejaremos en 2021 nos encuentre avanzando a paso firme,
8:23:habla presidenta/e                       | hombro a hombro, mano a mano, por la senda del progreso, por la senda del
8:24:habla presidenta/e                       | progreso y el bienestar compartido que le han labrado un nombre propio a Costa
8:25:habla presidenta/e                       | Rica.
8:26:habla presidenta/e                       | Cuando la noticia de la independencia llegó a este suelo, que nos alberga y une
8:27:habla presidenta/e                       | en una causa común, se estima que eran apenas sesenta y cinco mil
8:28:habla presidenta/e                       | costarricenses los que habitaban esta dichosa tierra; sesenta y cinco mil mujeres y
8:29:habla presidenta/e                       | hombres diferentes, valientes, la gran mayoría trabajadores y pobres; sesenta y
8:30:habla presidenta/e                       | cinco mil nuestros primeros ancestros, que todos reunidos hoy equivaldrían hoy a
8:31:habla presidenta/e                       | la población de un solo cantón, como el de Liberia o el de Tibás.
8:32:habla presidenta/e                       | Hace 197 años, éramos una tierra y una gente lejana a los grandes centros de la
8:33:habla presidenta/e                       | época, pero ya desde entonces mostrábamos tener un carácter especial.
8:34:habla presidenta/e                       | Nuestro ilustre primer jefe de Estado, Juan Mora Fernández, allá en 1828 nos legó
8:35:habla presidenta/e                       | una de las piezas de sabiduría más notables, que ya delineaba esa visión que ha
8:36:habla presidenta/e                       | guiado la vida política costarricense desde el origen.
9:0:ignorar línea                             | ACTA ORDINARIA N.º 5 DE 8-5-2018                                                  9
9:1:habla presidenta/e                        | Cito: “El Ejecutivo desea que el Estado sea feliz por la paz, fuerte por la unión y
9:2:habla presidenta/e                        | que sus hijos corten cada día una espiga más y lloren una lágrima menos”. Fin de
9:3:habla presidenta/e                        | la cita.
9:4:habla presidenta/e                        | Paz, trabajo, unión y bienestar para todas las personas, guiados por esa visión,
9:5:habla presidenta/e                        | hemos desde entonces dado pasos decididos para ser esa nación mejor, que
9:6:habla presidenta/e                        | valora como ninguna la felicidad y la libertad de las personas, porque este país se
9:7:habla presidenta/e                        | construyó desde abajo en condiciones adversas. Este país no se construyó con
9:8:habla presidenta/e                        | personas que se quedaron de brazos cruzados, con personas indiferentes. Este
9:9:habla presidenta/e                        | país no se construyó levantando barreras o exacerbando diferencias. Este país no
9:10:habla presidenta/e                       | se construyó haciendo siempre lo mismo.
9:11:habla presidenta/e                       | Se construyó desde la ciudadanía, no desde lo militar, y fue solo cuando las
9:12:habla presidenta/e                       | circunstancias lo demandaron, que civiles valientes afrontaron la tarea bélica como
9:13:habla presidenta/e                       | en los casos de Gregorio José Ramírez, Juan Rafael Mora Porras, Francisca
9:14:habla presidenta/e                       | Carrasco, o el joven tamborcillo y héroe nacional Juan Santamaría.
9:15:habla presidenta/e                       | Este país se construyó gracias al ingenio, la voluntad, el diálogo constructivo y el
9:16:habla presidenta/e                       | trabajo incansable de hombres y mujeres muy distintos; de costarricenses
9:17:habla presidenta/e                       | comprometidos y visionarios que decidieron libremente hacer la diferencia y
9:18:habla presidenta/e                       | empujaron la rueda de la historia en una dirección prudente, innovadora y de bien.
9:19:habla presidenta/e                       | Ellos y ellas, nuestros ancestros, fueron capaces de tomar decisiones
9:20:habla presidenta/e                       | excepcionales.
9:21:habla presidenta/e                       | Desde el inicio de la nación, la educación ha estado en el centro del desarrollo del
9:22:habla presidenta/e                       | país. Ya en 1847, hará ciento setenta y un años, José María Castro Madriz
9:23:habla presidenta/e                       | decretaba la creación del Liceo de Niñas y dos décadas después se establecía
9:24:habla presidenta/e                       | constitucionalmente la educación obligatoria, gratuita y costeada por el Estado.
9:25:habla presidenta/e                       | Esa vocación por la educación se expresaría de nuevo en 1940 con la creación de
9:26:habla presidenta/e                       | la Universidad de Costa Rica, y en un mes se cumplirán siete años de que se
9:27:habla presidenta/e                       | estableció constitucionalmente la voluntad de dedicar un ocho por ciento de
9:28:habla presidenta/e                       | nuestro producto interno a la educación pública.
9:29:habla presidenta/e                       | Tempranero, visionario y consistente ha sido también el compromiso nacional con
9:30:habla presidenta/e                       | los derechos humanos, ejemplificado con la abolición de la pena de muerte por
9:31:habla presidenta/e                       | parte de Tomás Guardia, convirtiéndonos en uno de los primeros países del
9:32:habla presidenta/e                       | mundo en dar ese paso. Similar lo hicimos con la suscripción del Pacto de San
9:33:habla presidenta/e                       | José en 1969, cuando se promulgó, para todo el hemisferio desde nuestra capital,
9:34:habla presidenta/e                       | la Convención Americana de Derechos Humanos.
9:35:habla presidenta/e                       | Iluminamos también nuestra historia cuando San José se convirtió en la primera
9:36:habla presidenta/e                       | capital latinoamericana y una de las primeras del orbe, apenas detrás de París y
9:37:habla presidenta/e                       | Nueva York, en contar con iluminación eléctrica, tradición consolidada con la
9:38:habla presidenta/e                       | creación el Instituto Costarricense de Electricidad, cuyo setenta aniversario
10:0:ignorar línea                            | ACTA ORDINARIA N.º 5 DE 8-5-2018                                                 10
10:1:habla presidenta/e                       | estaremos celebrando el año entrante, y con el prestigio de que somos uno de los
10:2:habla presidenta/e                       | países líderes en el mundo en materia de generación de electricidad limpia.
10:3:habla presidenta/e                       | De avanzada fue la respuesta dada por el presidente Alfredo González Flores
10:4:habla presidenta/e                       | hace más de un siglo, que ante los severos problemas fiscales que enfrentaba el
10:5:habla presidenta/e                       | país, creando un impuesto, el de la renta, e impulsando una reforma fiscal que
10:6:habla presidenta/e                       | enfrentó la incomprensión de algunos sectores, lo hizo aunque procuraba hacer
10:7:habla presidenta/e                       | más eficaz y progresivo el sistema tributario.
10:8:habla presidenta/e                       | Los frutos del bienestar se generan del diálogo y el entendimiento entre diferentes
10:9:habla presidenta/e                       | fuerzas políticas y sectores sociales que logran superar sus diferencias en aras del
10:10:habla presidenta/e                      | bien común. Ejemplo preclaro fue el visionario establecimiento de la seguridad
10:11:habla presidenta/e                      | social en la década de los cuarenta del siglo pasado, gracias al doctor Calderón
10:12:habla presidenta/e                      | Guardia, a don Manuel Mora y a monseñor Sanabria.
10:13:habla presidenta/e                      | También, supimos romper moldes y dar ejemplo al mundo con la abolición del
10:14:habla presidenta/e                      | Ejército por parte de don José Figueres Ferrer en 1948, o llevar adelante un
10:15:habla presidenta/e                      | proceso de paz en Centroamérica que le mereció el Premio Nobel al expresidente
10:16:habla presidenta/e                      | Arias Sánchez.
10:17:habla presidenta/e                      | La vocación de liderazgo en materia ambiental se ha reflejado en la creación de
10:18:habla presidenta/e                      | los parques nacionales, auténticas joyas de nuestro acervo natural; en los
10:19:habla presidenta/e                      | sistemas de áreas protegidas y en el sistema pago de servicios ambientales que
10:20:habla presidenta/e                      | nos ha convertido en referente en este ámbito.
10:21:habla presidenta/e                      | Así fue como se construyó Costa Rica, con prioridad para la educación, énfasis en
10:22:habla presidenta/e                      | los derechos humanos y atreviéndonos a innovar; con justicia tributaria y social,
10:23:habla presidenta/e                      | alcanzada mediante el diálogo y trabajando unidos; con la apuesta por la paz y en
10:24:habla presidenta/e                      | procura del balance con el ambiente.
10:25:habla presidenta/e                      | Fue gracias al ingenio, al trabajo incansable, a la voluntad de nuestros
10:26:habla presidenta/e                      | antepasados de hacer cosas y de avanzar siempre, que este pequeño rincón,
10:27:habla presidenta/e                      | ignoto al tiempo de su independencia, logró transformarse en un país excepcional,
10:28:habla presidenta/e                      | respetado y admirado.
10:29:habla presidenta/e                      | Pero ese espíritu se adormiló y todos lo sabemos. Sabemos que hoy no basta con
10:30:habla presidenta/e                      | estar orgullosos del país que construyeron nuestros antepasados. Sabemos que la
10:31:habla presidenta/e                      | inercia no será suficiente para lograr nuestros sueños. Sabemos que afrontamos
10:32:habla presidenta/e                      | desafíos importantes y urgentes, y que no admiten postergación.
10:33:habla presidenta/e                      | Costarricenses, la pregunta es: ¿qué haremos? Por eso, hoy invito a todas las
10:34:habla presidenta/e                      | personas de todas las provincias de este país a que trabajemos en unión y nos
10:35:habla presidenta/e                      | aboquemos a construir la historia grande que amerita el bicentenario de nuestra
10:36:habla presidenta/e                      | patria.
11:0:ignorar línea                            | ACTA ORDINARIA N.º 5 DE 8-5-2018                                                11
11:1:habla presidenta/e                       | Les convido a trabajar para recobrar la capacidad de creer en nosotros mismos y
11:2:habla presidenta/e                       | en lo que podemos lograr.
11:3:habla presidenta/e                       | Tenemos la obligación ética e histórica de ser consistentes con nuestro legado de
11:4:habla presidenta/e                       | paz, democracia y de respeto al ambiente.
11:5:habla presidenta/e                       | Como herederos de esa tradición, tenemos un rol que jugar en el concierto de las
11:6:habla presidenta/e                       | naciones en momentos de incertidumbre frente a amenazas como el cambio
11:7:habla presidenta/e                       | climático o frente a movimientos que ponen en riesgo la vida democrática y el
11:8:habla presidenta/e                       | respeto a las libertades fundamentales.
11:9:habla presidenta/e                       | De tender una mano solidaria a los más necesitados y de velar por el respeto de
11:10:habla presidenta/e                      | todos los derechos humanos, a todas las familias, a todas las personas, a la
11:11:habla presidenta/e                      | diversidad que enriquece al país.
11:12:habla presidenta/e                      | Bajo el límpido azul de nuestro cielo cabemos todas las personas y por eso el
11:13:habla presidenta/e                      | Gobierno del Bicentenario es plural. Nace de un acuerdo nacional y aspira a
11:14:habla presidenta/e                      | sustentarse en el diálogo, en la construcción de entendimientos, en la buena
11:15:habla presidenta/e                      | voluntad para responder unidos y unidas a las justas aspiraciones de toda la
11:16:habla presidenta/e                      | ciudadanía.
11:17:habla presidenta/e                      | El Gobierno Nacional tiene y tendrá como norte trabajar sobre lo que nos une y no
11:18:habla presidenta/e                      | sobre lo que nos separa.
11:19:habla presidenta/e                      | Es un Gobierno que tiene la primera vicepresidenta afroamericana de
11:20:habla presidenta/e                      | Latinoamérica; un gobierno que ha hecho realidad, y excedido, la aspiración de
11:21:habla presidenta/e                      | tener el primer gabinete paritario, y que además es multipartidista y de visiones y
11:22:habla presidenta/e                      | orígenes plurales, como reflejo de la convicción que tenemos de que esta Patria
11:23:habla presidenta/e                      | nos pertenece a todos.
11:24:habla presidenta/e                      | Hace setenta años, en medio de mucho dolor, se escribió una de las páginas más
11:25:habla presidenta/e                      | lúcidas de nuestra historia: el Pacto de Ochomogo, el cual juntó a acerbos rivales
11:26:habla presidenta/e                      | de un grave conflicto, en un acuerdo crucial para el bienestar de las y los
11:27:habla presidenta/e                      | costarricenses, para preservar las Garantías Sociales.
11:28:habla presidenta/e                      | Hoy, nos llena de orgullo que una nieta y una sobrina de los firmantes de ese
11:29:habla presidenta/e                      | extraordinario pacto sean parte de nuestro gabinete, están ahí junto con miembros
11:30:habla presidenta/e                      | e integrantes de cuatro partidos diferentes nacionales y un partido cantonal.
11:31:habla presidenta/e                      | Esta representatividad del Gabinete se complementa con la integración de las
11:32:habla presidenta/e                      | fuerzas en el Congreso y es un reflejo de los nuevos tiempos, los cuales nos
11:33:habla presidenta/e                      | indican que todos debemos conjuntar esmero para hacer avanzar al país.
11:34:habla presidenta/e                      | Quiero resaltar aquí el excelente ejemplo de diálogo y voluntad de alcanzar
11:35:habla presidenta/e                      | entendimiento que han dado las señoras diputadas y los señores diputados al
11:36:habla presidenta/e                      | elegir un Directorio Legislativo también multipartidista, lo cual ha merecido el
12:0:ignorar línea                            | ACTA ORDINARIA N.º 5 DE 8-5-2018                                                12
12:1:habla presidenta/e                       | reconocimiento ciudadano, además del mío personal. Celebro y felicito este logro
12:2:habla presidenta/e                       | de la Asamblea Legislativa no más iniciando funciones.
12:3:habla presidenta/e                       | Esta es la actitud que el país necesita y que esperamos prevalezca al acometer
12:4:habla presidenta/e                       | materias tan cruciales para nuestro bienestar futuro como la reforma fiscal, o
12:5:habla presidenta/e                       | reformas constitucionales como la relativa a la pérdida de credencial del diputado
12:6:habla presidenta/e                       | por violación del principio de probidad, mediante reforma del artículo 112 de la
12:7:habla presidenta/e                       | Constitución Política. O la reforma de los artículos 176, 184 y adición de un
12:8:habla presidenta/e                       | transitorio de la Constitución Política para la estabilidad económica y
12:9:habla presidenta/e                       | presupuestaria. Así como otras iniciativas importantes para fortalecer la ética en
12:10:habla presidenta/e                      | la función pública, combatir la corrupción, el resguardo del recurso agua, o la
12:11:habla presidenta/e                      | dignidad de las personas adultas mayores, las mujeres y las personas con
12:12:habla presidenta/e                      | discapacidad, entre otras materias.
12:13:habla presidenta/e                      | Los mejores deseos para el Primer Poder de la República en el ejercicio de sus
12:14:habla presidenta/e                      | importantes funciones constitucionales, que serán cruciales para sacar el país
12:15:habla presidenta/e                      | adelante, su éxito será el de toda nuestra sociedad, son ustedes, la Asamblea
12:16:habla presidenta/e                      | Legislativa del bicentenario, y esa característica debe teñir de positivismo su
12:17:habla presidenta/e                      | actuar.
12:18:habla presidenta/e                      | Ahora bien, frente a los desafíos y oportunidades que tiene el país, hoy se
12:19:habla presidenta/e                      | necesitan acciones y respuestas oportunas. Hay temas donde no podemos
12:20:habla presidenta/e                      | esperar más, y dilaciones nos costarían muy caras. No hay tiempo que perder
12:21:habla presidenta/e                      | para profundizar ese país más próspero, inclusivo y solidario que habremos de
12:22:habla presidenta/e                      | legar a las próximas generaciones.
12:23:habla presidenta/e                      | En consonancia con nuestras fortalezas históricas debemos actuar en al menos
12:24:habla presidenta/e                      | siete ejes fundamentales para el bienestar de nuestra ciudadanía: la educación, la
12:25:habla presidenta/e                      | seguridad ciudadana, la salud, la protección y el balance con el ambiente, una
12:26:habla presidenta/e                      | mejor movilidad e infraestructura pública, la generación de empleo y bienestar con
12:27:habla presidenta/e                      | enfoque territorial y la recuperación de la estabilidad fiscal.
12:28:habla presidenta/e                      | Queremos un país que abra oportunidades a todas las personas desde la
12:29:habla presidenta/e                      | educación, que brinda a los estudiantes una infraestructura adecuada, unos
12:30:habla presidenta/e                      | contenidos atractivos y de calidad que les enseñan a aprender continuamente y a
12:31:habla presidenta/e                      | adaptarse, y que les prepara para la vida y para su futuro laboral, una oferta
12:32:habla presidenta/e                      | educativa ajustada a su entorno, acceso a la tecnología, acciones para disminuir la
12:33:habla presidenta/e                      | exclusión y educadores bien capacitados, con buenas condiciones y motivados.
12:34:habla presidenta/e                      | Que reconoce y potencia el derecho y el deber de los padres y las madres y a la
12:35:habla presidenta/e                      | comunidad a participar en la educación que reciben sus hijos.
12:36:habla presidenta/e                      | Que ofrece a los educadores mayor autonomía para desarrollar su labor, que
12:37:habla presidenta/e                      | reduce la sobrecarga laboral para dedicar más tiempo, menos tiempo, perdón, al
12:38:habla presidenta/e                      | papeleo abrumador y para que se puedan concentrarse más en su labor
12:39:habla presidenta/e                      | fundamental, la docencia. Aspiramos que para el bicentenario contemos con una
13:0:ignorar línea                            | ACTA ORDINARIA N.º 5 DE 8-5-2018                                                  13
13:1:habla presidenta/e                       | educación con más calidad, más inclusión, más moderna, con valores y centrada
13:2:habla presidenta/e                       | en el ser humano y su entorno.
13:3:habla presidenta/e                       | No debemos cejar en este esfuerzo mientras dos de cada cinco jóvenes en edad
13:4:habla presidenta/e                       | para estar en la secundaria estén fuera de las aulas. Ni tampoco, mientras no
13:5:habla presidenta/e                       | hayamos dignificado la profesión docente o mejorada la calidad del sistema. Esa
13:6:habla presidenta/e                       | es la ruta para la educación en el bicentenario.
13:7:habla presidenta/e                       | Fortalecer la seguridad ciudadana será un imperativo categórico de nuestro
13:8:habla presidenta/e                       | actuar. Lo haremos con una visión integral, que articula la prevención del delito
13:9:habla presidenta/e                       | atendiendo a sus causas éticas y sociales, con el rigor contra los delitos violentos.
13:10:habla presidenta/e                      | Para nuestra Administración será clave ejecutar una acción enérgica y coordinada
13:11:habla presidenta/e                      | para combatir y replegar el crimen organizado, el narcotráfico, la legitimación de
13:12:habla presidenta/e                      | capitales y la corrupción.
13:13:habla presidenta/e                      | Debemos reducir el hacinamiento carcelario y fortalecer los procesos de
13:14:habla presidenta/e                      | reinserción social debida y técnicamente realizados, para retomar la confianza
13:15:habla presidenta/e                      | ciudadana. Al momento del bicentenario trabajaremos incansablemente y con lo
13:16:habla presidenta/e                      | mejor de nuestro intelecto para que se vea materializada una reducción en la tasa
13:17:habla presidenta/e                      | de homicidios así como en la de femicidios, pero principalmente, devolviéndole a
13:18:habla presidenta/e                      | la ciudadanía mayor tranquilidad.
13:19:habla presidenta/e                      | Debemos entender como sociedad que la salud no trata exclusivamente de
13:20:habla presidenta/e                      | combatir la enfermedad, sino de impulsar el bienestar. La promoción de la salud,
13:21:habla presidenta/e                      | la salud preventiva, los estilos de vida saludables, la buena nutrición, el ejercicio,
13:22:habla presidenta/e                      | la salud mental y los buenos hábitos, todos estos son ámbitos de acción que
13:23:habla presidenta/e                      | deben ser potenciados acorde con una sociedad moderna. Ejerceremos
13:24:habla presidenta/e                      | efectivamente la rectoría desde el Ministerio de Salud.
13:25:habla presidenta/e                      | Y nuestro sistema de seguridad social debe seguir siendo orgullo nacional y
13:26:habla presidenta/e                      | motivo de reconocimiento internacional.          Daremos especial atención a la
13:27:habla presidenta/e                      | necesidad de optimizar el uso de los recursos, de mejorar y humanizar la atención
13:28:habla presidenta/e                      | que reciben los asegurados, rescatar gradualmente la solidez financiera del
13:29:habla presidenta/e                      | sistema de Invalidez, Vejez y Muerte, prepararnos para la transición demográfica
13:30:habla presidenta/e                      | que elevará el número de adultos mayores así como simplificar la inscripción y el
13:31:habla presidenta/e                      | aseguramiento para personas trabajadoras independientes y asalariadas.
13:32:habla presidenta/e                      | La meta para el bicentenario es que este enfoque de salud sea el que prevalezca
13:33:habla presidenta/e                      | en la población, y de la mano de esta, que mejoremos a través de la eficiencia
13:34:habla presidenta/e                      | todos los indicadores de atención de seguridad social, como lo hemos
13:35:habla presidenta/e                      | comprometido en nuestro acuerdo de gobierno nacional.
13:36:habla presidenta/e                      | En materia ambiental, para el bicentenario, tenemos el deber ético de liderar en el
13:37:habla presidenta/e                      | mundo, como lo hemos hecho en el pasado. Debemos ser ágiles e innovadores.
13:38:habla presidenta/e                      | Estamos llamados a resguardar los ecosistemas, a proteger la biodiversidad
14:0:ignorar línea                            | ACTA ORDINARIA N.º 5 DE 8-5-2018                                                  14
14:1:habla presidenta/e                       | gravemente afectada por el acelerado paso del cambio climático y los desastres
14:2:habla presidenta/e                       | climatológicos.
14:3:habla presidenta/e                       | No solo tenemos que mejorar la gestión de nuestros parques nacionales y el
14:4:habla presidenta/e                       | balance ambiental y humano en las zonas protegidas, sino que tenemos la tarea
14:5:habla presidenta/e                       | titánica y hermosa de abolir el uso de combustibles fósiles en nuestra economía
14:6:habla presidenta/e                       | para dar paso al uso de energías limpias y renovables. La descarbonización es la
14:7:habla presidenta/e                       | gran tarea de nuestra generación y Costa Rica debe estar entre los primeros
14:8:habla presidenta/e                       | países del mundo que lo logra, sino el primero.
14:9:habla presidenta/e                       | Lo podemos hacer gracias a nuestra matriz eléctrica limpia y renovable, pero
14:10:habla presidenta/e                      | requerimos una acción decidida y coordinada de todos los actores de la sociedad
14:11:habla presidenta/e                      | para iniciar y acelerar de manera irreversible este proceso, no solo impulsando el
14:12:habla presidenta/e                      | transporte y la producción eléctrica de hidrógeno o de otras tecnologías; sino
14:13:habla presidenta/e                      | también modernizando nuestras instituciones como el ICE y Recope, dialogando
14:14:habla presidenta/e                      | entre actores y conformando una nueva economía con más empleos basada en la
14:15:habla presidenta/e                      | producción y el transporte limpio.
14:16:habla presidenta/e                      | Para la COP 26 del año 2020, así como de cara al bicentenario, Costa Rica
14:17:habla presidenta/e                      | deberá estar ya liderando los acuerdos de París en materia de cambio climático,
14:18:habla presidenta/e                      | siendo el laboratorio mundial de descarbonización, y la ciudadanía deberá estar ya
14:19:habla presidenta/e                      | viendo las nuevas opciones de este cambio, en materia de vehículos y transporte
14:20:habla presidenta/e                      | eléctrico e híbrido, en materia de reducción de emisiones y una adecuada gestión
14:21:habla presidenta/e                      | de los residuos. Hoy en día como sociedad seguimos lanzando valiosos materiales
14:22:habla presidenta/e                      | a los ríos o enterrándolos en rellenos, cuando podríamos evitar contaminación y
14:23:habla presidenta/e                      | generar bienestar y valor con ellos.
14:24:habla presidenta/e                      | La mayor obra de infraestructura pública que nos corresponderá construir es
14:25:habla presidenta/e                      | devolverle la confianza a la ciudadanía en que sí podemos, de que sí podemos
14:26:habla presidenta/e                      | construir infraestructura en tiempo, costo y calidad. Esto no ocurrirá de la noche a
14:27:habla presidenta/e                      | la mañana, o sin tomar acciones determinadas y ejecutar cambios y reformas de
14:28:habla presidenta/e                      | fondo.
14:29:habla presidenta/e                      | Nos hemos comprometido avanzar de manera decidida con el tren rápido de
14:30:habla presidenta/e                      | pasajeros, con la sectorización del transporte público y con la ampliación de la ruta
14:31:habla presidenta/e                      | 27 bajo esquema de concesión.
14:32:habla presidenta/e                      | También, dar avance y certeza y claridad en la ejecución de obras como la
14:33:habla presidenta/e                      | carretera San José-San Ramón, la carretera a San Carlos, la ruta Florencio del
14:34:habla presidenta/e                      | Castillo a Cartago, la ruta 32 en Limón, el tramo de Cañas-Barranca. También, ha
14:35:habla presidenta/e                      | llegado la hora de innovar y acelerar el ordenamiento territorial del país.
14:36:habla presidenta/e                      | El bicentenario debe encontrarnos con una renovada confianza en nuestras
14:37:habla presidenta/e                      | capacidades en estas materias.
15:0:ignorar línea                            | ACTA ORDINARIA N.º 5 DE 8-5-2018                                                 15
15:1:habla presidenta/e                       | El empleo dignifica al ser humano y es en el trabajo donde está la razón de
15:2:habla presidenta/e                       | nuestro éxito histórico. Pero el desempleo en Costa Rica, que se mantiene entre el
15:3:habla presidenta/e                       | nueve y el diez por ciento y que genera desvelo y dolor en muchos hogares, en
15:4:habla presidenta/e                       | jóvenes, en mujeres, en personas LGBTI, en personas mayores de cuarenta años
15:5:habla presidenta/e                       | y personas con discapacidad.
15:6:habla presidenta/e                       | También el desempleo tiene una faceta de desigualdad, principalmente territorial.
15:7:habla presidenta/e                       | Es en la provincia de Limón, en el Pacífico Central, en la Zona Sur, en
15:8:habla presidenta/e                       | Guanacaste, en la Zona Norte, en la Zona Norte Norte, en las costas, en las zonas
15:9:habla presidenta/e                       | rurales, es ahí donde más golpea la ausencia de fuentes de trabajo y la dificultad
15:10:habla presidenta/e                      | para que avancen los emprendimientos y los pequeños negocios. Bajos ingresos,
15:11:habla presidenta/e                      | constante preocupación, o jóvenes que deben abandonar sus comunidades para
15:12:habla presidenta/e                      | estudiar o trabajar; familias que se ven separadas por la misma razón, son solo
15:13:habla presidenta/e                      | algunas de las consecuencias.
15:14:habla presidenta/e                      | El Gobierno de la República abordará de frente esta tarea, porque entendemos
15:15:habla presidenta/e                      | que de ella depende el bienestar de toda la población. La educación de calidad
15:16:habla presidenta/e                      | para todas las personas es un elemento crucial para lograrlo, como lo es ampliar
15:17:habla presidenta/e                      | la educación técnica, hacerla pertinente, darla en horarios nocturnos, fines de
15:18:habla presidenta/e                      | semana, con apoyos en becas, transporte y cuido. Debemos generalizar la
15:19:habla presidenta/e                      | efectiva enseñanza y uso de una segunda lengua. Costa Rica debe aspirar en el
15:20:habla presidenta/e                      | mediano plazo a ser bilingüe. Debemos empoderar económicamente a la
15:21:habla presidenta/e                      | ciudadanía, particularmente a las mujeres.
15:22:habla presidenta/e                      | Pero además, debemos llevar los bienes públicos, como infraestructura, fibra
15:23:habla presidenta/e                      | óptica, agua en calidad y cantidad, educación, crédito y otros elementos a las
15:24:habla presidenta/e                      | distintas regiones, para que con el liderazgo de las comunidades y con el empuje
15:25:habla presidenta/e                      | del sector privado, apalanquemos las propias ventajas competitivas de cada
15:26:habla presidenta/e                      | localidad, podamos impulsar esos empleos y bienestar que sumen a una
15:27:habla presidenta/e                      | economía que goza de los beneficios de los mercados en la globalización, así
15:28:habla presidenta/e                      | como de su mercado interno y regional.
15:29:habla presidenta/e                      | En el bicentenario nos debe preocupar el empleo en cada región, y no solo la
15:30:habla presidenta/e                      | sumatoria del desempleo a nivel nacional, porque este enfoque nos ayudará a
15:31:habla presidenta/e                      | reducir las desigualdades que persisten.
15:32:habla presidenta/e                      | Finalmente, pero de suprema importancia, debemos resolver, de una vez por
15:33:habla presidenta/e                      | todas, los riesgos que conlleva el tener un alto déficit fiscal. Esta será la quinta
15:34:habla presidenta/e                      | administración que de manera sucesiva tendrá que lidiar con este tema, con una
15:35:habla presidenta/e                      | diferencia radical en relación con las cuatro anteriores: el tiempo está a punto de
15:36:habla presidenta/e                      | agotarse para hacer esta reforma y eso pone en riesgo a la nación de cara a sus
15:37:habla presidenta/e                      | doscientos años.
15:38:habla presidenta/e                      | Nuestro Gobierno se ha comprometido a llevar el déficit de su situación actual, en
15:39:habla presidenta/e                      | la que excede un seis punto dos por ciento del producto interno bruto, a un tres
15:40:habla presidenta/e                      | por ciento cuando finalice el mandato.
16:0:ignorar línea                            | ACTA ORDINARIA N.º 5 DE 8-5-2018                                                16
16:1:habla presidenta/e                       | Lucharemos decididamente contra la evasión, contra el contrabando, contra la
16:2:habla presidenta/e                       | subfacturación, trabajaremos en reducir la informalidad. Seguiremos el esfuerzo
16:3:habla presidenta/e                       | de recaudar mejor los impuestos existentes, haremos un uso eficiente de los
16:4:habla presidenta/e                       | recursos de la hacienda pública para lograr los objetivos del país, seremos
16:5:habla presidenta/e                       | austeros, iniciando por este mismo acto, y mantendremos una firme disciplina
16:6:habla presidenta/e                       | fiscal. Seremos rigurosos en el control del gasto público, impulsaremos la
16:7:habla presidenta/e                       | eficiencia de lo público, para lo cual entraremos a modernizar el Servicio Civil y
16:8:habla presidenta/e                       | dialogaremos para hacer efectivas las reformas al empleo público.
16:9:habla presidenta/e                       | Pero aun haciendo todo esto —como lo haremos— es necesaria la aprobación de
16:10:habla presidenta/e                      | un proyecto de ley en materia fiscal, como el que tienen en conocimiento las
16:11:habla presidenta/e                      | señoras y los señores diputados.
16:12:habla presidenta/e                      | Me dirijo a ustedes, representantes populares del legislativo, y lo hago con afecto
16:13:habla presidenta/e                      | patrio. Les pido analizar este proyecto y avanzar con el mismo de manera
16:14:habla presidenta/e                      | oportuna, ojalá pronta, para contar con su aprobación. De ello depende el futuro
16:15:habla presidenta/e                      | de este país y el bienestar y tranquilidad de todos los hogares costarricenses.
16:16:habla presidenta/e                      | Y veamos esto también con optimismo, porque una vez resuelto el tema fiscal, y
16:17:habla presidenta/e                      | avanzando en otros campos como los que les he mencionado, les pregunto: ¿qué
16:18:habla presidenta/e                      | detiene a Costa Rica de cara al futuro? El futuro está en nuestras manos, ahora
16:19:habla presidenta/e                      | debemos tener la voluntad de actuar.
16:20:habla presidenta/e                      | Costarricenses, para lograr concretar todo lo anterior, nuestras herramientas serán
16:21:habla presidenta/e                      | trabajo en equipo, seguimiento feroz, agilidad y honestidad. Siempre pensaremos
16:22:habla presidenta/e                      | en la mayoría, con especial énfasis en los más necesitados.
16:23:habla presidenta/e                      | Y costarricenses, no será fácil, pero lo tenemos que hacer, porque no hay opción.
16:24:habla presidenta/e                      | No hacerlo significa que nos devore el pasado, y que veamos reducido nuestro
16:25:habla presidenta/e                      | bienestar. Escojamos, pues, congruentes con nuestra historia, la ruta de trabajar
16:26:habla presidenta/e                      | duro y por el bien común.
16:27:habla presidenta/e                      | Muchas personas que topo en la calle, me piden lo mismo: no nos falle, me dicen.
16:28:habla presidenta/e                      | Y trabajaré muy duro dando lo mejor de mí para no fallarles. Pero yo también les
16:29:habla presidenta/e                      | digo: no nos fallemos a nosotros mismos, porque esta empresa de desarrollo es
16:30:habla presidenta/e                      | colectiva, es de toda nuestra sociedad. No hay esfuerzo pequeño, no hay persona
16:31:habla presidenta/e                      | que no valga, todos tenemos algo que contribuir en nuestro entorno más
16:32:habla presidenta/e                      | inmediato. Solo así ocurre el cambio.
16:33:habla presidenta/e                      | Como dijo José María Castro Madriz un 8 de mayo, pero de 1847, cito: Para que
16:34:habla presidenta/e                      | Costa Rica reciba los bienes que se promete de ella, estos no pueden ser obra de
16:35:habla presidenta/e                      | un solo hombre; necesito de vuestro apoyo para producirlos y de la cooperación
16:36:habla presidenta/e                      | benéfica de mis conciudadanos. Fin de la cita.
17:0:ignorar línea                            | ACTA ORDINARIA N.º 5 DE 8-5-2018                                               17
17:1:habla presidenta/e                       | Debemos tener el valor que tuvo la generación de nuestros abuelos. Hoy somos la
17:2:habla presidenta/e                       | reunión de su descendencia, sus nietos y los tataranietos de aquellos sesenta y
17:3:habla presidenta/e                       | cinco mil primeros costarricenses que recibieron la independencia con
17:4:habla presidenta/e                       | incertidumbre, con asombro. En otro contexto, pero con igual emoción y valentía,
17:5:habla presidenta/e                       | nos corresponderá a nosotros recibir el bicentenario de nuestra vida
17:6:habla presidenta/e                       | independiente.
17:7:habla presidenta/e                       | Nuestra Administración será el gobierno del bicentenario de Costa Rica, y nos
17:8:habla presidenta/e                       | corresponderá dar los siguientes pasos valientes de Costa Rica en la historia.
17:9:habla presidenta/e                       | Debemos avanzar dinámicamente por ruta buena, sin dejar a nadie atrás. Nos
17:10:habla presidenta/e                      | corresponde vivir el momento de la historia de la humanidad de mayor desarrollo
17:11:habla presidenta/e                      | científico y vertiginoso avance tecnológico, en lo que Klaus Schwab ha acuñado es
17:12:habla presidenta/e                      | la cuarta Revolución Industrial.
17:13:habla presidenta/e                      | Frente a esto, no podemos ser solo espectadores. Fieles a quienes hemos sido,
17:14:habla presidenta/e                      | debemos ser líderes, debemos liderar una visión ética del desarrollo, que adopta y
17:15:habla presidenta/e                      | aprovecha las innovaciones, pero las combina con el buen vivir y el convivir de
17:16:habla presidenta/e                      | toda la sociedad, sin exclusiones, con amor y paz en los hogares y en los
17:17:habla presidenta/e                      | corazones de todas las personas.
17:18:habla presidenta/e                      | Costarricenses, fieles a nuestra historia, volvamos a ser excepcionales. Prometo lo
17:19:habla presidenta/e                      | que he prometido siempre, con inteligencia, con equilibrio y con fuerza: trabajar,
17:20:habla presidenta/e                      | trabajar y trabajar.
17:21:habla presidenta/e                      | Y que viva Costa Rica, que viva Costa Rica y que viva mil veces Costa Rica.
17:22:habla dip, id: 47, intervención # 1     | Diputada María Inés Solís Quirós:
17:23:habla dip, id: 47, palabras 10          | La señora presidenta de la Asamblea Legislativa, diputada Carolina Hidalgo
17:24:habla dip, id: 47, palabras 17          | Herrera, nos brinda su mensaje de salutación.
17:25:habla presidenta/e                      | Presidenta Carolina Hidalgo Herrera:
17:26:habla presidenta/e                      | Excelentísimas señoras y excelentísimos señores jefes de Estado y de Gobierno
17:27:habla presidenta/e                      | que nos honran con su visita.
17:28:habla presidenta/e                      | Señor presidente de Costa Rica y señora.
17:29:habla presidenta/e                      | Señor presidente de la Corte Suprema de Justicia, señoras magistradas, señores
17:30:habla presidenta/e                      | magistrados, señor presidente del Tribunal Supremo de Elecciones, señoras
17:31:habla presidenta/e                      | magistradas, señores magistrados; señora vicepresidenta, señor vicepresidente de
17:32:habla presidenta/e                      | la República; señores expresidentes de la República y señoras exprimeras damas;
17:33:habla presidenta/e                      | reverendísimo arzobispo de San José y señores obispos, señoras ministras,
17:34:habla presidenta/e                      | señores ministros de Gobierno designados; excelentísimas señoras y
17:35:habla presidenta/e                      | excelentísimos señores miembros de las misiones diplomáticas, representantes de
17:36:habla presidenta/e                      | organismos internaciones y consulados honorarios, señoras diputadas, señores
18:0:ignorar línea                            | ACTA ORDINARIA N.º 5 DE 8-5-2018                                                    18
18:1:habla presidenta/e                       | diputados; señora contralora y subcontralora de la República; señoras
18:2:habla presidenta/e                       | viceministras, señores viceministros de Estado y designados, señor procurador
18:3:habla presidenta/e                       | general, señora procuradora general adjunta de la República; señor defensor de
18:4:habla presidenta/e                       | los Habitantes en funciones, señoras y señores, buenos días.
18:5:habla presidenta/e                       | La historia nacional de vida independiente, se ha escrito a través de años,
18:6:habla presidenta/e                       | décadas y siglos. Hoy arribamos a la Costa Rica del bicentenario,
18:7:habla presidenta/e                       | Hace ya casi doscientos años, nuestra independencia, constituyó el proceso
18:8:habla presidenta/e                       | fundamental que definió la configuración de nuestro país, y trazó sin duda alguna,
18:9:habla presidenta/e                       | los valores costarricenses que regirán la construcción social de CR,
18:10:habla presidenta/e                      | La ocasión es propicia para recordar las vitales contribuciones de tantos y tantas
18:11:habla presidenta/e                      | costarricenses que han servido a este país, con amor y con entrega.
18:12:habla presidenta/e                      | Nuestra conciencia colectiva, desde el Pacto de Concordia, la abolición del
18:13:habla presidenta/e                      | ejército, la educación gratuita y obligatoria, las garantías sociales, por mencionar
18:14:habla presidenta/e                      | algunas, nos unió desde entonces a la libertad, la paz, la igualdad, la justicia, la
18:15:habla presidenta/e                      | solidaridad, la inclusión, y al respeto a los Derechos Humanos.
18:16:habla presidenta/e                      | Hoy, es oportuno dar gracias a las generaciones que han escrito esta historia.
18:17:habla presidenta/e                      | Gracias a ellas y a ellos, disfrutamos de esta democracia, con sus virtudes y
18:18:habla presidenta/e                      | desafíos.
18:19:habla presidenta/e                      | Sí, la sola contemplación de nuestros logros, no basta. Hemos de escuchar el
18:20:habla presidenta/e                      | llamado de nuestro tiempo, sin olvidar agradecer a las y los costarricenses que
18:21:habla presidenta/e                      | acudieron a ejercer el voto, con profunda convicción democrática.
18:22:habla presidenta/e                      | Como representante popular, en el ejercicio responsable de mis funciones, es mi
18:23:habla presidenta/e                      | deber señalar que nuestro sistema democrático, urge resolver retos apremiantes
18:24:habla presidenta/e                      | como lo son la pobreza, la inseguridad, el transporte público, la gestión ambiental,
18:25:habla presidenta/e                      | el déficit fiscal, y el fortalecimiento de las relaciones sociales, temas, entre otros,
18:26:habla presidenta/e                      | que no pueden esperar más.
18:27:habla presidenta/e                      | Las transformaciones sociales de Costa Rica reclaman y necesitan de la
18:28:habla presidenta/e                      | participación cotidiana de cada uno de ustedes y cada una de nosotras.
18:29:habla presidenta/e                      | Como un gran equipo, como una gran familia, como la gran nación que somos, la
18:30:habla presidenta/e                      | ciudadanía y los representantes electos por ella, mediante un proceso democrático
18:31:habla presidenta/e                      | sólido y transparente, podremos movernos de manera propositiva, crítica y
18:32:habla presidenta/e                      | organizada, para robustecer el pilar de nuestra democracia y construir así los
18:33:habla presidenta/e                      | engranajes que nos permitan avanzar hacia las grandes decisiones.
18:34:habla presidenta/e                      | Basta de postergar.
19:0:ignorar línea                            | ACTA ORDINARIA N.º 5 DE 8-5-2018                                                 19
19:1:habla presidenta/e                       | Por amor a Costa Rica, dejemos de lado nuestros propios intereses y pongamos al
19:2:habla presidenta/e                       | servicio de los demás nuestros privilegios, enfrentémonos con valentía las
19:3:habla presidenta/e                       | decisiones que nos exige la coyuntura actual, sin miedo, con realismo pero visión
19:4:habla presidenta/e                       | de futuro.
19:5:habla presidenta/e                       | Nuestra condición humana nos brinda mayor capacidad de soñar y ambicionar que
19:6:habla presidenta/e                       | de concretar. Sin embargo, albergo la genuina esperanza de que, nosotros, las
19:7:habla presidenta/e                       | nuevas generaciones podemos ver en el horizonte la motivación suficiente para
19:8:habla presidenta/e                       | movernos hacia la ejecución de nuestros sueños y nuestras ambiciones.
19:9:habla presidenta/e                       | Este capítulo de vida independiente significa sobre todo, una generación de
19:10:habla presidenta/e                      | ciudadanos y ciudadanas, que irrumpe como protagonistas de su propia historia.
19:11:habla presidenta/e                      | Hoy, convocados todos y todas a asumir el compromiso con nuestra nación y
19:12:habla presidenta/e                      | nuestro presidente a defender nuestra democracia y este mandato, como actores
19:13:habla presidenta/e                      | y en consecuencia, como garantes.
19:14:habla presidenta/e                      | Señor Carlos Alvarado Quesada, presidente del bicentenario, nuestra patria,
19:15:habla presidenta/e                      | representada hoy, en mujer, le saluda y asume el compromiso de escribir con
19:16:habla presidenta/e                      | usted, en alianza con la ciudadanía, las páginas de la Costa Rica del siglo XXI.
19:17:habla presidenta/e                      | Muchas gracias.
19:18:habla presidenta/e                      | Presidenta Carolina Hidalgo Herrera:
19:19:habla presidenta/e                      | Señoras diputada, señores diputados, hacemos un receso para que el señor
19:20:habla presidenta/e                      | presidente de la República, tome juramento constitucional a las señoras ministras
19:21:habla presidenta/e                      | y a los señores ministros, viceministras y viceministros de Estado para el período
19:22:habla presidenta/e                      | constitucional 2018-2022.
19:23:habla presidenta/e                      | Se decreta el receso hasta por treinta minutos.
19:24:habla presidenta/e                      | Señoras diputadas, señores diputados, al ser las once con treinta minutos se
19:25:habla presidenta/e                      | reanuda la sesión.
19:26:habla presidenta/e                      | El proceso de hacer las actividades realizadas en el marco de transición de mando
19:27:habla presidenta/e                      | del 2018-2022 carbono neutral es un compromiso claro y contundente con la
19:28:habla presidenta/e                      | sostenibilidad, esto ha implicado un arduo trabajo por parte de las organizaciones
19:29:habla presidenta/e                      | y de los organismos y entidades que han permitido concretar esta meta.
19:30:habla presidenta/e                      | Se realizó un inventario de las emisiones de gas efecto invernadero, que incluye
19:31:habla presidenta/e                      | los generados por consumo de combustible y energía eléctrica, este inventario fue
19:32:habla presidenta/e                      | realizado por la Fundación Bandera Ecológica y será verificada por el Instituto de
19:33:habla presidenta/e                      | Normas Técnicas de Costa Rica.
20:0:ignorar línea                            | ACTA ORDINARIA N.º 5 DE 8-5-2018                                                 20
20:1:habla presidenta/e                       | Las emisiones serán compensadas en dos vías, una por medio de Fonafifo y otra
20:2:habla presidenta/e                       | por medio de una finca localizada en el territorio indígena de Térraba; por tanto,
20:3:habla presidenta/e                       | invito al señor Jorge Polimeni, de la Fundación Costa Rica Neutra, y Andrea Meza,
20:4:habla presidenta/e                       | directora de la Dirección de Cambio Climático del Ministerio de Ambiente, a pasar
20:5:habla presidenta/e                       | a la tarima para hacer entrega al señor presidente de los certificados que acreditan
20:6:habla presidenta/e                       | las acciones realizadas por la Comisión de Traspaso de Poderes.
20:7:habla presidenta/e                       | Seguidamente, les solicito ponerse de pie para retirar el Pabellón Nacional.
20:8:habla presidenta/e                       | Les ruego mantenerse de pie para poder acompañar al señor presidente de la
20:9:habla presidenta/e                       | República, Carlos Andrés Alvarado Quesada y su familia, a la primera
20:10:habla presidenta/e                      | vicepresidenta de la República, la señora Epsy Campbell Barr, y al segundo
20:11:habla presidenta/e                      | vicepresidente de la República, el señor Marvin Rodríguez, para que puedan
20:12:habla presidenta/e                      | retirarse.
20:13:habla presidenta/e                      | Les ruego mantenerse de pie para así poder acompañar al señor expresidente de
20:14:habla presidenta/e                      | la República, Luis Guillermo Solís Rivera, doña Mercedes Peñas, su familia y
20:15:habla presidenta/e                      | acompañantes, y a los señores exvicepresidentes de la República y las señoras
20:16:habla presidenta/e                      | exministras y exministros del Gobierno.
20:17:habla presidenta/e                      | Les ruego mantenerse de pie para despedir a las excelentísimas y excelentísimos
20:18:habla presidenta/e                      | jefes de Estado de Gobierno.
20:19:habla presidenta/e                      | Les ruego mantenerse de pie para así despedir al presidente de la Corte Suprema
20:20:habla presidenta/e                      | de Justicia y a las señoras magistradas y a los señores magistrados.
20:21:habla presidenta/e                      | Procedemos, por tanto, a despedir al presidente del Tribunal Supremo de
20:22:habla presidenta/e                      | Elecciones y a las señoras magistradas y a los señores magistrados.
20:23:habla presidenta/e                      | Seguidamente, procedemos a despedir a la señora contralora y subcontralora
20:24:habla presidenta/e                      | general de la República, también al señor procurador general de la República, y a
20:25:habla presidenta/e                      | la señora procuradora general adjunta de la República y al señor defensor de los
20:26:habla presidenta/e                      | habitantes en funciones.
20:27:habla presidenta/e                      | Seguidamente, procedemos a despedir a las honorables misiones diplomáticas.
20:28:habla presidenta/e                      | Seguidamente, procedemos a despedir al reverendísimo arzobispo metropolitano
20:29:habla presidenta/e                      | de San José y obispos de la Conferencia Episcopal de Costa Rica.
20:30:habla presidenta/e                      | Seguidamente los invitados especiales.
20:31:Finaliza el análisis                    | Al ser las once con cuarenta y cinco minutos, se levanta la sesión.
                                              | Buenas tardes.
                                              | ACTA ORDINARIA N.º 5 DE 8-5-2018                                        21
                                              |                             Carolina Hidalgo Herrera
                                              |                                    Presidenta
                                              | Luis Fernando Chacón Monge                         Ivonne Acuña Cabrera
                                              | Primer secretario                                  Segunda secretaria
